2025-03-26 09:38:15
a:2:{s:7:"message";s:57:"TypeError: logger.__clearImpressionsxxx is not a function";s:5:"stack";s:206:"TypeError: logger.__clearImpressionsxxx is not a function
    at Object.logImpressions (http://localhost/player/logger.js:20:20)
    at HTMLVideoElement.<anonymous> (http://localhost/player/player.js:30:24)";}
2025-03-26 09:38:25
a:2:{s:7:"message";s:57:"TypeError: logger.__clearImpressionsxxx is not a function";s:5:"stack";s:176:"TypeError: logger.__clearImpressionsxxx is not a function
    at Object.logImpressions (http://localhost/player/logger.js:20:20)
    at http://localhost/player/player.js:101:28";}
2025-03-26 09:38:34
a:2:{s:7:"message";s:57:"TypeError: logger.__clearImpressionsxxx is not a function";s:5:"stack";s:206:"TypeError: logger.__clearImpressionsxxx is not a function
    at Object.logImpressions (http://localhost/player/logger.js:20:20)
    at HTMLVideoElement.<anonymous> (http://localhost/player/player.js:30:24)";}
2025-03-26 09:40:43 a:2:{s:7:"message";s:57:"TypeError: logger.__clearImpressionsxxx is not a function";s:5:"stack";s:206:"TypeError: logger.__clearImpressionsxxx is not a function
    at Object.logImpressions (http://localhost/player/logger.js:20:20)
    at HTMLVideoElement.<anonymous> (http://localhost/player/player.js:30:24)";}
2025-03-26 09:40:54 a:2:{s:7:"message";s:57:"TypeError: logger.__clearImpressionsxxx is not a function";s:5:"stack";s:206:"TypeError: logger.__clearImpressionsxxx is not a function
    at Object.logImpressions (http://localhost/player/logger.js:20:20)
    at HTMLVideoElement.<anonymous> (http://localhost/player/player.js:30:24)";}
2025-03-26 09:41:04 a:2:{s:7:"message";s:57:"TypeError: logger.__clearImpressionsxxx is not a function";s:5:"stack";s:176:"TypeError: logger.__clearImpressionsxxx is not a function
    at Object.logImpressions (http://localhost/player/logger.js:20:20)
    at http://localhost/player/player.js:101:28";}
2025-03-26 09:41:13 a:2:{s:7:"message";s:57:"TypeError: logger.__clearImpressionsxxx is not a function";s:5:"stack";s:206:"TypeError: logger.__clearImpressionsxxx is not a function
    at Object.logImpressions (http://localhost/player/logger.js:20:20)
    at HTMLVideoElement.<anonymous> (http://localhost/player/player.js:30:24)";}
2025-03-26 09:41:23 a:2:{s:7:"message";s:57:"TypeError: logger.__clearImpressionsxxx is not a function";s:5:"stack";s:206:"TypeError: logger.__clearImpressionsxxx is not a function
    at Object.logImpressions (http://localhost/player/logger.js:20:20)
    at HTMLVideoElement.<anonymous> (http://localhost/player/player.js:30:24)";}
2025-03-26 09:41:33 a:2:{s:7:"message";s:57:"TypeError: logger.__clearImpressionsxxx is not a function";s:5:"stack";s:176:"TypeError: logger.__clearImpressionsxxx is not a function
    at Object.logImpressions (http://localhost/player/logger.js:20:20)
    at http://localhost/player/player.js:109:28";}
2025-03-26 09:41:43 a:2:{s:7:"message";s:57:"TypeError: logger.__clearImpressionsxxx is not a function";s:5:"stack";s:176:"TypeError: logger.__clearImpressionsxxx is not a function
    at Object.logImpressions (http://localhost/player/logger.js:20:20)
    at http://localhost/player/player.js:109:28";}
2025-03-26 09:41:53 a:2:{s:7:"message";s:57:"TypeError: logger.__clearImpressionsxxx is not a function";s:5:"stack";s:176:"TypeError: logger.__clearImpressionsxxx is not a function
    at Object.logImpressions (http://localhost/player/logger.js:20:20)
    at http://localhost/player/player.js:101:28";}
2025-03-26 09:41:58 a:2:{s:7:"message";s:57:"TypeError: logger.__clearImpressionsxxx is not a function";s:5:"stack";s:176:"TypeError: logger.__clearImpressionsxxx is not a function
    at Object.logImpressions (http://localhost/player/logger.js:20:20)
    at http://localhost/player/player.js:101:28";}
2025-03-26 09:42:08 a:2:{s:7:"message";s:57:"TypeError: logger.__clearImpressionsxxx is not a function";s:5:"stack";s:206:"TypeError: logger.__clearImpressionsxxx is not a function
    at Object.logImpressions (http://localhost/player/logger.js:20:20)
    at HTMLVideoElement.<anonymous> (http://localhost/player/player.js:30:24)";}
2025-03-26 09:42:18 a:2:{s:7:"message";s:57:"TypeError: logger.__clearImpressionsxxx is not a function";s:5:"stack";s:176:"TypeError: logger.__clearImpressionsxxx is not a function
    at Object.logImpressions (http://localhost/player/logger.js:20:20)
    at http://localhost/player/player.js:101:28";}
2025-03-26 09:42:27 a:2:{s:7:"message";s:57:"TypeError: logger.__clearImpressionsxxx is not a function";s:5:"stack";s:206:"TypeError: logger.__clearImpressionsxxx is not a function
    at Object.logImpressions (http://localhost/player/logger.js:20:20)
    at HTMLVideoElement.<anonymous> (http://localhost/player/player.js:30:24)";}
2025-03-26 09:42:37 a:2:{s:7:"message";s:57:"TypeError: logger.__clearImpressionsxxx is not a function";s:5:"stack";s:206:"TypeError: logger.__clearImpressionsxxx is not a function
    at Object.logImpressions (http://localhost/player/logger.js:20:20)
    at HTMLVideoElement.<anonymous> (http://localhost/player/player.js:30:24)";}
2025-03-26 09:42:47 a:2:{s:7:"message";s:57:"TypeError: logger.__clearImpressionsxxx is not a function";s:5:"stack";s:176:"TypeError: logger.__clearImpressionsxxx is not a function
    at Object.logImpressions (http://localhost/player/logger.js:20:20)
    at http://localhost/player/player.js:109:28";}
2025-03-26 09:42:57 a:2:{s:7:"message";s:57:"TypeError: logger.__clearImpressionsxxx is not a function";s:5:"stack";s:176:"TypeError: logger.__clearImpressionsxxx is not a function
    at Object.logImpressions (http://localhost/player/logger.js:20:20)
    at http://localhost/player/player.js:109:28";}
2025-03-26 09:43:07 a:2:{s:7:"message";s:57:"TypeError: logger.__clearImpressionsxxx is not a function";s:5:"stack";s:176:"TypeError: logger.__clearImpressionsxxx is not a function
    at Object.logImpressions (http://localhost/player/logger.js:20:20)
    at http://localhost/player/player.js:101:28";}
2025-03-26 09:43:12 a:2:{s:7:"message";s:57:"TypeError: logger.__clearImpressionsxxx is not a function";s:5:"stack";s:176:"TypeError: logger.__clearImpressionsxxx is not a function
    at Object.logImpressions (http://localhost/player/logger.js:20:20)
    at http://localhost/player/player.js:101:28";}
2025-03-26 09:43:22 a:2:{s:7:"message";s:57:"TypeError: logger.__clearImpressionsxxx is not a function";s:5:"stack";s:206:"TypeError: logger.__clearImpressionsxxx is not a function
    at Object.logImpressions (http://localhost/player/logger.js:20:20)
    at HTMLVideoElement.<anonymous> (http://localhost/player/player.js:30:24)";}
2025-03-26 09:43:32 a:2:{s:7:"message";s:57:"TypeError: logger.__clearImpressionsxxx is not a function";s:5:"stack";s:176:"TypeError: logger.__clearImpressionsxxx is not a function
    at Object.logImpressions (http://localhost/player/logger.js:20:20)
    at http://localhost/player/player.js:101:28";}
2025-03-26 09:43:41 a:2:{s:7:"message";s:57:"TypeError: logger.__clearImpressionsxxx is not a function";s:5:"stack";s:206:"TypeError: logger.__clearImpressionsxxx is not a function
    at Object.logImpressions (http://localhost/player/logger.js:20:20)
    at HTMLVideoElement.<anonymous> (http://localhost/player/player.js:30:24)";}
2025-03-26 09:43:51 a:2:{s:7:"message";s:57:"TypeError: logger.__clearImpressionsxxx is not a function";s:5:"stack";s:206:"TypeError: logger.__clearImpressionsxxx is not a function
    at Object.logImpressions (http://localhost/player/logger.js:20:20)
    at HTMLVideoElement.<anonymous> (http://localhost/player/player.js:30:24)";}
2025-03-26 09:44:01 a:2:{s:7:"message";s:57:"TypeError: logger.__clearImpressionsxxx is not a function";s:5:"stack";s:176:"TypeError: logger.__clearImpressionsxxx is not a function
    at Object.logImpressions (http://localhost/player/logger.js:20:20)
    at http://localhost/player/player.js:109:28";}
2025-03-26 09:44:11 a:2:{s:7:"message";s:57:"TypeError: logger.__clearImpressionsxxx is not a function";s:5:"stack";s:176:"TypeError: logger.__clearImpressionsxxx is not a function
    at Object.logImpressions (http://localhost/player/logger.js:20:20)
    at http://localhost/player/player.js:109:28";}
2025-03-26 09:44:21 a:2:{s:7:"message";s:57:"TypeError: logger.__clearImpressionsxxx is not a function";s:5:"stack";s:176:"TypeError: logger.__clearImpressionsxxx is not a function
    at Object.logImpressions (http://localhost/player/logger.js:20:20)
    at http://localhost/player/player.js:101:28";}
2025-03-26 09:44:26 a:2:{s:7:"message";s:57:"TypeError: logger.__clearImpressionsxxx is not a function";s:5:"stack";s:176:"TypeError: logger.__clearImpressionsxxx is not a function
    at Object.logImpressions (http://localhost/player/logger.js:20:20)
    at http://localhost/player/player.js:101:28";}
2025-03-26 09:44:36 a:2:{s:7:"message";s:57:"TypeError: logger.__clearImpressionsxxx is not a function";s:5:"stack";s:206:"TypeError: logger.__clearImpressionsxxx is not a function
    at Object.logImpressions (http://localhost/player/logger.js:20:20)
    at HTMLVideoElement.<anonymous> (http://localhost/player/player.js:30:24)";}
2025-03-26 09:44:46 a:2:{s:7:"message";s:57:"TypeError: logger.__clearImpressionsxxx is not a function";s:5:"stack";s:176:"TypeError: logger.__clearImpressionsxxx is not a function
    at Object.logImpressions (http://localhost/player/logger.js:20:20)
    at http://localhost/player/player.js:101:28";}
2025-03-26 09:44:55 a:2:{s:7:"message";s:57:"TypeError: logger.__clearImpressionsxxx is not a function";s:5:"stack";s:206:"TypeError: logger.__clearImpressionsxxx is not a function
    at Object.logImpressions (http://localhost/player/logger.js:20:20)
    at HTMLVideoElement.<anonymous> (http://localhost/player/player.js:30:24)";}
2025-03-26 09:45:05 a:2:{s:7:"message";s:57:"TypeError: logger.__clearImpressionsxxx is not a function";s:5:"stack";s:206:"TypeError: logger.__clearImpressionsxxx is not a function
    at Object.logImpressions (http://localhost/player/logger.js:20:20)
    at HTMLVideoElement.<anonymous> (http://localhost/player/player.js:30:24)";}
2025-03-26 09:45:15 a:2:{s:7:"message";s:57:"TypeError: logger.__clearImpressionsxxx is not a function";s:5:"stack";s:176:"TypeError: logger.__clearImpressionsxxx is not a function
    at Object.logImpressions (http://localhost/player/logger.js:20:20)
    at http://localhost/player/player.js:109:28";}
2025-03-26 09:45:25 a:2:{s:7:"message";s:57:"TypeError: logger.__clearImpressionsxxx is not a function";s:5:"stack";s:176:"TypeError: logger.__clearImpressionsxxx is not a function
    at Object.logImpressions (http://localhost/player/logger.js:20:20)
    at http://localhost/player/player.js:109:28";}
2025-03-26 09:45:35 a:2:{s:7:"message";s:57:"TypeError: logger.__clearImpressionsxxx is not a function";s:5:"stack";s:176:"TypeError: logger.__clearImpressionsxxx is not a function
    at Object.logImpressions (http://localhost/player/logger.js:20:20)
    at http://localhost/player/player.js:101:28";}
2025-03-26 09:45:40 a:2:{s:7:"message";s:57:"TypeError: logger.__clearImpressionsxxx is not a function";s:5:"stack";s:176:"TypeError: logger.__clearImpressionsxxx is not a function
    at Object.logImpressions (http://localhost/player/logger.js:20:20)
    at http://localhost/player/player.js:101:28";}
2025-03-26 09:45:50 a:2:{s:7:"message";s:57:"TypeError: logger.__clearImpressionsxxx is not a function";s:5:"stack";s:206:"TypeError: logger.__clearImpressionsxxx is not a function
    at Object.logImpressions (http://localhost/player/logger.js:20:20)
    at HTMLVideoElement.<anonymous> (http://localhost/player/player.js:30:24)";}
2025-03-26 09:46:00 a:2:{s:7:"message";s:57:"TypeError: logger.__clearImpressionsxxx is not a function";s:5:"stack";s:176:"TypeError: logger.__clearImpressionsxxx is not a function
    at Object.logImpressions (http://localhost/player/logger.js:20:20)
    at http://localhost/player/player.js:101:28";}
2025-03-26 09:46:09 a:2:{s:7:"message";s:57:"TypeError: logger.__clearImpressionsxxx is not a function";s:5:"stack";s:206:"TypeError: logger.__clearImpressionsxxx is not a function
    at Object.logImpressions (http://localhost/player/logger.js:20:20)
    at HTMLVideoElement.<anonymous> (http://localhost/player/player.js:30:24)";}
2025-03-26 09:46:19 a:2:{s:7:"message";s:57:"TypeError: logger.__clearImpressionsxxx is not a function";s:5:"stack";s:206:"TypeError: logger.__clearImpressionsxxx is not a function
    at Object.logImpressions (http://localhost/player/logger.js:20:20)
    at HTMLVideoElement.<anonymous> (http://localhost/player/player.js:30:24)";}
2025-03-26 09:46:29 a:2:{s:7:"message";s:57:"TypeError: logger.__clearImpressionsxxx is not a function";s:5:"stack";s:176:"TypeError: logger.__clearImpressionsxxx is not a function
    at Object.logImpressions (http://localhost/player/logger.js:20:20)
    at http://localhost/player/player.js:109:28";}
2025-03-26 09:46:39 a:2:{s:7:"message";s:57:"TypeError: logger.__clearImpressionsxxx is not a function";s:5:"stack";s:176:"TypeError: logger.__clearImpressionsxxx is not a function
    at Object.logImpressions (http://localhost/player/logger.js:20:20)
    at http://localhost/player/player.js:109:28";}
2025-03-26 09:46:49 a:2:{s:7:"message";s:57:"TypeError: logger.__clearImpressionsxxx is not a function";s:5:"stack";s:176:"TypeError: logger.__clearImpressionsxxx is not a function
    at Object.logImpressions (http://localhost/player/logger.js:20:20)
    at http://localhost/player/player.js:101:28";}
2025-03-26 09:46:54 a:2:{s:7:"message";s:57:"TypeError: logger.__clearImpressionsxxx is not a function";s:5:"stack";s:176:"TypeError: logger.__clearImpressionsxxx is not a function
    at Object.logImpressions (http://localhost/player/logger.js:20:20)
    at http://localhost/player/player.js:101:28";}
2025-03-26 09:47:04 a:2:{s:7:"message";s:57:"TypeError: logger.__clearImpressionsxxx is not a function";s:5:"stack";s:206:"TypeError: logger.__clearImpressionsxxx is not a function
    at Object.logImpressions (http://localhost/player/logger.js:20:20)
    at HTMLVideoElement.<anonymous> (http://localhost/player/player.js:30:24)";}
2025-03-26 09:47:14 a:2:{s:7:"message";s:57:"TypeError: logger.__clearImpressionsxxx is not a function";s:5:"stack";s:176:"TypeError: logger.__clearImpressionsxxx is not a function
    at Object.logImpressions (http://localhost/player/logger.js:20:20)
    at http://localhost/player/player.js:101:28";}
2025-03-26 09:47:23 a:2:{s:7:"message";s:57:"TypeError: logger.__clearImpressionsxxx is not a function";s:5:"stack";s:206:"TypeError: logger.__clearImpressionsxxx is not a function
    at Object.logImpressions (http://localhost/player/logger.js:20:20)
    at HTMLVideoElement.<anonymous> (http://localhost/player/player.js:30:24)";}
2025-03-26 09:47:33 a:2:{s:7:"message";s:57:"TypeError: logger.__clearImpressionsxxx is not a function";s:5:"stack";s:206:"TypeError: logger.__clearImpressionsxxx is not a function
    at Object.logImpressions (http://localhost/player/logger.js:20:20)
    at HTMLVideoElement.<anonymous> (http://localhost/player/player.js:30:24)";}
2025-03-26 09:47:43 a:2:{s:7:"message";s:57:"TypeError: logger.__clearImpressionsxxx is not a function";s:5:"stack";s:176:"TypeError: logger.__clearImpressionsxxx is not a function
    at Object.logImpressions (http://localhost/player/logger.js:20:20)
    at http://localhost/player/player.js:109:28";}
2025-03-26 09:47:53 a:2:{s:7:"message";s:57:"TypeError: logger.__clearImpressionsxxx is not a function";s:5:"stack";s:176:"TypeError: logger.__clearImpressionsxxx is not a function
    at Object.logImpressions (http://localhost/player/logger.js:20:20)
    at http://localhost/player/player.js:109:28";}
2025-03-26 09:48:03 a:2:{s:7:"message";s:57:"TypeError: logger.__clearImpressionsxxx is not a function";s:5:"stack";s:176:"TypeError: logger.__clearImpressionsxxx is not a function
    at Object.logImpressions (http://localhost/player/logger.js:20:20)
    at http://localhost/player/player.js:101:28";}
2025-03-26 09:48:08 a:2:{s:7:"message";s:57:"TypeError: logger.__clearImpressionsxxx is not a function";s:5:"stack";s:176:"TypeError: logger.__clearImpressionsxxx is not a function
    at Object.logImpressions (http://localhost/player/logger.js:20:20)
    at http://localhost/player/player.js:101:28";}
2025-03-26 09:48:18 a:2:{s:7:"message";s:57:"TypeError: logger.__clearImpressionsxxx is not a function";s:5:"stack";s:206:"TypeError: logger.__clearImpressionsxxx is not a function
    at Object.logImpressions (http://localhost/player/logger.js:20:20)
    at HTMLVideoElement.<anonymous> (http://localhost/player/player.js:30:24)";}
2025-03-26 09:48:28 a:2:{s:7:"message";s:57:"TypeError: logger.__clearImpressionsxxx is not a function";s:5:"stack";s:176:"TypeError: logger.__clearImpressionsxxx is not a function
    at Object.logImpressions (http://localhost/player/logger.js:20:20)
    at http://localhost/player/player.js:101:28";}
2025-03-26 09:48:37 a:2:{s:7:"message";s:57:"TypeError: logger.__clearImpressionsxxx is not a function";s:5:"stack";s:206:"TypeError: logger.__clearImpressionsxxx is not a function
    at Object.logImpressions (http://localhost/player/logger.js:20:20)
    at HTMLVideoElement.<anonymous> (http://localhost/player/player.js:30:24)";}
2025-03-26 09:48:47 a:2:{s:7:"message";s:57:"TypeError: logger.__clearImpressionsxxx is not a function";s:5:"stack";s:206:"TypeError: logger.__clearImpressionsxxx is not a function
    at Object.logImpressions (http://localhost/player/logger.js:20:20)
    at HTMLVideoElement.<anonymous> (http://localhost/player/player.js:30:24)";}
2025-03-26 09:48:57 a:2:{s:7:"message";s:57:"TypeError: logger.__clearImpressionsxxx is not a function";s:5:"stack";s:176:"TypeError: logger.__clearImpressionsxxx is not a function
    at Object.logImpressions (http://localhost/player/logger.js:20:20)
    at http://localhost/player/player.js:109:28";}
2025-03-26 09:49:07 a:2:{s:7:"message";s:57:"TypeError: logger.__clearImpressionsxxx is not a function";s:5:"stack";s:176:"TypeError: logger.__clearImpressionsxxx is not a function
    at Object.logImpressions (http://localhost/player/logger.js:20:20)
    at http://localhost/player/player.js:109:28";}
2025-03-26 09:49:17 a:2:{s:7:"message";s:57:"TypeError: logger.__clearImpressionsxxx is not a function";s:5:"stack";s:176:"TypeError: logger.__clearImpressionsxxx is not a function
    at Object.logImpressions (http://localhost/player/logger.js:20:20)
    at http://localhost/player/player.js:101:28";}
2025-03-26 09:49:22 a:2:{s:7:"message";s:57:"TypeError: logger.__clearImpressionsxxx is not a function";s:5:"stack";s:176:"TypeError: logger.__clearImpressionsxxx is not a function
    at Object.logImpressions (http://localhost/player/logger.js:20:20)
    at http://localhost/player/player.js:101:28";}
2025-03-26 09:49:32 a:2:{s:7:"message";s:57:"TypeError: logger.__clearImpressionsxxx is not a function";s:5:"stack";s:206:"TypeError: logger.__clearImpressionsxxx is not a function
    at Object.logImpressions (http://localhost/player/logger.js:20:20)
    at HTMLVideoElement.<anonymous> (http://localhost/player/player.js:30:24)";}
2025-03-26 09:49:42 a:2:{s:7:"message";s:57:"TypeError: logger.__clearImpressionsxxx is not a function";s:5:"stack";s:176:"TypeError: logger.__clearImpressionsxxx is not a function
    at Object.logImpressions (http://localhost/player/logger.js:20:20)
    at http://localhost/player/player.js:101:28";}
2025-03-26 09:49:51 a:2:{s:7:"message";s:57:"TypeError: logger.__clearImpressionsxxx is not a function";s:5:"stack";s:206:"TypeError: logger.__clearImpressionsxxx is not a function
    at Object.logImpressions (http://localhost/player/logger.js:20:20)
    at HTMLVideoElement.<anonymous> (http://localhost/player/player.js:30:24)";}
2025-03-26 09:50:01 a:2:{s:7:"message";s:57:"TypeError: logger.__clearImpressionsxxx is not a function";s:5:"stack";s:206:"TypeError: logger.__clearImpressionsxxx is not a function
    at Object.logImpressions (http://localhost/player/logger.js:20:20)
    at HTMLVideoElement.<anonymous> (http://localhost/player/player.js:30:24)";}
2025-03-26 09:50:11 a:2:{s:7:"message";s:57:"TypeError: logger.__clearImpressionsxxx is not a function";s:5:"stack";s:176:"TypeError: logger.__clearImpressionsxxx is not a function
    at Object.logImpressions (http://localhost/player/logger.js:20:20)
    at http://localhost/player/player.js:109:28";}
2025-03-26 09:50:21 a:2:{s:7:"message";s:57:"TypeError: logger.__clearImpressionsxxx is not a function";s:5:"stack";s:176:"TypeError: logger.__clearImpressionsxxx is not a function
    at Object.logImpressions (http://localhost/player/logger.js:20:20)
    at http://localhost/player/player.js:109:28";}
2025-03-26 09:50:31 a:2:{s:7:"message";s:57:"TypeError: logger.__clearImpressionsxxx is not a function";s:5:"stack";s:176:"TypeError: logger.__clearImpressionsxxx is not a function
    at Object.logImpressions (http://localhost/player/logger.js:20:20)
    at http://localhost/player/player.js:101:28";}
2025-03-26 09:50:36 a:2:{s:7:"message";s:57:"TypeError: logger.__clearImpressionsxxx is not a function";s:5:"stack";s:176:"TypeError: logger.__clearImpressionsxxx is not a function
    at Object.logImpressions (http://localhost/player/logger.js:20:20)
    at http://localhost/player/player.js:101:28";}
2025-03-26 09:50:46 a:2:{s:7:"message";s:57:"TypeError: logger.__clearImpressionsxxx is not a function";s:5:"stack";s:206:"TypeError: logger.__clearImpressionsxxx is not a function
    at Object.logImpressions (http://localhost/player/logger.js:20:20)
    at HTMLVideoElement.<anonymous> (http://localhost/player/player.js:30:24)";}
2025-03-26 09:50:56 a:2:{s:7:"message";s:57:"TypeError: logger.__clearImpressionsxxx is not a function";s:5:"stack";s:176:"TypeError: logger.__clearImpressionsxxx is not a function
    at Object.logImpressions (http://localhost/player/logger.js:20:20)
    at http://localhost/player/player.js:101:28";}
2025-03-26 09:51:05 a:2:{s:7:"message";s:57:"TypeError: logger.__clearImpressionsxxx is not a function";s:5:"stack";s:206:"TypeError: logger.__clearImpressionsxxx is not a function
    at Object.logImpressions (http://localhost/player/logger.js:20:20)
    at HTMLVideoElement.<anonymous> (http://localhost/player/player.js:30:24)";}
2025-03-26 09:51:15 a:2:{s:7:"message";s:57:"TypeError: logger.__clearImpressionsxxx is not a function";s:5:"stack";s:206:"TypeError: logger.__clearImpressionsxxx is not a function
    at Object.logImpressions (http://localhost/player/logger.js:20:20)
    at HTMLVideoElement.<anonymous> (http://localhost/player/player.js:30:24)";}
2025-03-26 09:51:25 a:2:{s:7:"message";s:57:"TypeError: logger.__clearImpressionsxxx is not a function";s:5:"stack";s:176:"TypeError: logger.__clearImpressionsxxx is not a function
    at Object.logImpressions (http://localhost/player/logger.js:20:20)
    at http://localhost/player/player.js:109:28";}
2025-03-26 09:51:35 a:2:{s:7:"message";s:57:"TypeError: logger.__clearImpressionsxxx is not a function";s:5:"stack";s:176:"TypeError: logger.__clearImpressionsxxx is not a function
    at Object.logImpressions (http://localhost/player/logger.js:20:20)
    at http://localhost/player/player.js:109:28";}
2025-03-26 09:51:45 a:2:{s:7:"message";s:57:"TypeError: logger.__clearImpressionsxxx is not a function";s:5:"stack";s:176:"TypeError: logger.__clearImpressionsxxx is not a function
    at Object.logImpressions (http://localhost/player/logger.js:20:20)
    at http://localhost/player/player.js:101:28";}
2025-03-26 09:51:50 a:2:{s:7:"message";s:57:"TypeError: logger.__clearImpressionsxxx is not a function";s:5:"stack";s:176:"TypeError: logger.__clearImpressionsxxx is not a function
    at Object.logImpressions (http://localhost/player/logger.js:20:20)
    at http://localhost/player/player.js:101:28";}
2025-03-26 09:52:00 a:2:{s:7:"message";s:57:"TypeError: logger.__clearImpressionsxxx is not a function";s:5:"stack";s:206:"TypeError: logger.__clearImpressionsxxx is not a function
    at Object.logImpressions (http://localhost/player/logger.js:20:20)
    at HTMLVideoElement.<anonymous> (http://localhost/player/player.js:30:24)";}
2025-03-26 09:52:10 a:2:{s:7:"message";s:57:"TypeError: logger.__clearImpressionsxxx is not a function";s:5:"stack";s:176:"TypeError: logger.__clearImpressionsxxx is not a function
    at Object.logImpressions (http://localhost/player/logger.js:20:20)
    at http://localhost/player/player.js:101:28";}
2025-03-26 09:52:19 a:2:{s:7:"message";s:57:"TypeError: logger.__clearImpressionsxxx is not a function";s:5:"stack";s:206:"TypeError: logger.__clearImpressionsxxx is not a function
    at Object.logImpressions (http://localhost/player/logger.js:20:20)
    at HTMLVideoElement.<anonymous> (http://localhost/player/player.js:30:24)";}
2025-03-26 09:52:29 a:2:{s:7:"message";s:57:"TypeError: logger.__clearImpressionsxxx is not a function";s:5:"stack";s:206:"TypeError: logger.__clearImpressionsxxx is not a function
    at Object.logImpressions (http://localhost/player/logger.js:20:20)
    at HTMLVideoElement.<anonymous> (http://localhost/player/player.js:30:24)";}
2025-03-26 09:52:39 a:2:{s:7:"message";s:57:"TypeError: logger.__clearImpressionsxxx is not a function";s:5:"stack";s:176:"TypeError: logger.__clearImpressionsxxx is not a function
    at Object.logImpressions (http://localhost/player/logger.js:20:20)
    at http://localhost/player/player.js:109:28";}
2025-03-26 09:52:49 a:2:{s:7:"message";s:57:"TypeError: logger.__clearImpressionsxxx is not a function";s:5:"stack";s:176:"TypeError: logger.__clearImpressionsxxx is not a function
    at Object.logImpressions (http://localhost/player/logger.js:20:20)
    at http://localhost/player/player.js:109:28";}
2025-03-26 09:52:59 a:2:{s:7:"message";s:57:"TypeError: logger.__clearImpressionsxxx is not a function";s:5:"stack";s:176:"TypeError: logger.__clearImpressionsxxx is not a function
    at Object.logImpressions (http://localhost/player/logger.js:20:20)
    at http://localhost/player/player.js:101:28";}
2025-03-26 09:53:04 a:2:{s:7:"message";s:57:"TypeError: logger.__clearImpressionsxxx is not a function";s:5:"stack";s:176:"TypeError: logger.__clearImpressionsxxx is not a function
    at Object.logImpressions (http://localhost/player/logger.js:20:20)
    at http://localhost/player/player.js:101:28";}
2025-03-26 09:53:14 a:2:{s:7:"message";s:57:"TypeError: logger.__clearImpressionsxxx is not a function";s:5:"stack";s:206:"TypeError: logger.__clearImpressionsxxx is not a function
    at Object.logImpressions (http://localhost/player/logger.js:20:20)
    at HTMLVideoElement.<anonymous> (http://localhost/player/player.js:30:24)";}
2025-03-26 09:53:24 a:2:{s:7:"message";s:57:"TypeError: logger.__clearImpressionsxxx is not a function";s:5:"stack";s:176:"TypeError: logger.__clearImpressionsxxx is not a function
    at Object.logImpressions (http://localhost/player/logger.js:20:20)
    at http://localhost/player/player.js:101:28";}
2025-03-26 09:53:33 a:2:{s:7:"message";s:57:"TypeError: logger.__clearImpressionsxxx is not a function";s:5:"stack";s:206:"TypeError: logger.__clearImpressionsxxx is not a function
    at Object.logImpressions (http://localhost/player/logger.js:20:20)
    at HTMLVideoElement.<anonymous> (http://localhost/player/player.js:30:24)";}
2025-03-26 09:53:43 a:2:{s:7:"message";s:57:"TypeError: logger.__clearImpressionsxxx is not a function";s:5:"stack";s:206:"TypeError: logger.__clearImpressionsxxx is not a function
    at Object.logImpressions (http://localhost/player/logger.js:20:20)
    at HTMLVideoElement.<anonymous> (http://localhost/player/player.js:30:24)";}
2025-03-26 09:53:53 a:2:{s:7:"message";s:57:"TypeError: logger.__clearImpressionsxxx is not a function";s:5:"stack";s:176:"TypeError: logger.__clearImpressionsxxx is not a function
    at Object.logImpressions (http://localhost/player/logger.js:20:20)
    at http://localhost/player/player.js:109:28";}
2025-03-26 09:54:03 a:2:{s:7:"message";s:57:"TypeError: logger.__clearImpressionsxxx is not a function";s:5:"stack";s:176:"TypeError: logger.__clearImpressionsxxx is not a function
    at Object.logImpressions (http://localhost/player/logger.js:20:20)
    at http://localhost/player/player.js:109:28";}
2025-03-26 09:54:13 a:2:{s:7:"message";s:57:"TypeError: logger.__clearImpressionsxxx is not a function";s:5:"stack";s:176:"TypeError: logger.__clearImpressionsxxx is not a function
    at Object.logImpressions (http://localhost/player/logger.js:20:20)
    at http://localhost/player/player.js:101:28";}
2025-03-26 09:54:18 a:2:{s:7:"message";s:57:"TypeError: logger.__clearImpressionsxxx is not a function";s:5:"stack";s:176:"TypeError: logger.__clearImpressionsxxx is not a function
    at Object.logImpressions (http://localhost/player/logger.js:20:20)
    at http://localhost/player/player.js:101:28";}
2025-03-26 09:54:28 a:2:{s:7:"message";s:57:"TypeError: logger.__clearImpressionsxxx is not a function";s:5:"stack";s:206:"TypeError: logger.__clearImpressionsxxx is not a function
    at Object.logImpressions (http://localhost/player/logger.js:20:20)
    at HTMLVideoElement.<anonymous> (http://localhost/player/player.js:30:24)";}
2025-03-26 09:54:38 a:2:{s:7:"message";s:57:"TypeError: logger.__clearImpressionsxxx is not a function";s:5:"stack";s:176:"TypeError: logger.__clearImpressionsxxx is not a function
    at Object.logImpressions (http://localhost/player/logger.js:20:20)
    at http://localhost/player/player.js:101:28";}
2025-03-26 09:54:47 a:2:{s:7:"message";s:57:"TypeError: logger.__clearImpressionsxxx is not a function";s:5:"stack";s:206:"TypeError: logger.__clearImpressionsxxx is not a function
    at Object.logImpressions (http://localhost/player/logger.js:20:20)
    at HTMLVideoElement.<anonymous> (http://localhost/player/player.js:30:24)";}
2025-03-26 09:54:57 a:2:{s:7:"message";s:57:"TypeError: logger.__clearImpressionsxxx is not a function";s:5:"stack";s:206:"TypeError: logger.__clearImpressionsxxx is not a function
    at Object.logImpressions (http://localhost/player/logger.js:20:20)
    at HTMLVideoElement.<anonymous> (http://localhost/player/player.js:30:24)";}
2025-03-26 09:55:07 a:2:{s:7:"message";s:57:"TypeError: logger.__clearImpressionsxxx is not a function";s:5:"stack";s:176:"TypeError: logger.__clearImpressionsxxx is not a function
    at Object.logImpressions (http://localhost/player/logger.js:20:20)
    at http://localhost/player/player.js:109:28";}
2025-03-26 09:55:17 a:2:{s:7:"message";s:57:"TypeError: logger.__clearImpressionsxxx is not a function";s:5:"stack";s:176:"TypeError: logger.__clearImpressionsxxx is not a function
    at Object.logImpressions (http://localhost/player/logger.js:20:20)
    at http://localhost/player/player.js:109:28";}
2025-03-26 09:55:27 a:2:{s:7:"message";s:57:"TypeError: logger.__clearImpressionsxxx is not a function";s:5:"stack";s:176:"TypeError: logger.__clearImpressionsxxx is not a function
    at Object.logImpressions (http://localhost/player/logger.js:20:20)
    at http://localhost/player/player.js:101:28";}
2025-03-26 09:55:32 a:2:{s:7:"message";s:57:"TypeError: logger.__clearImpressionsxxx is not a function";s:5:"stack";s:176:"TypeError: logger.__clearImpressionsxxx is not a function
    at Object.logImpressions (http://localhost/player/logger.js:20:20)
    at http://localhost/player/player.js:101:28";}
2025-03-26 09:55:42 a:2:{s:7:"message";s:57:"TypeError: logger.__clearImpressionsxxx is not a function";s:5:"stack";s:206:"TypeError: logger.__clearImpressionsxxx is not a function
    at Object.logImpressions (http://localhost/player/logger.js:20:20)
    at HTMLVideoElement.<anonymous> (http://localhost/player/player.js:30:24)";}
2025-03-26 09:55:52 a:2:{s:7:"message";s:57:"TypeError: logger.__clearImpressionsxxx is not a function";s:5:"stack";s:176:"TypeError: logger.__clearImpressionsxxx is not a function
    at Object.logImpressions (http://localhost/player/logger.js:20:20)
    at http://localhost/player/player.js:101:28";}
